<?xml version="1.0" encoding="UTF-8"?>
<!-- Generated by org.testng.reporters.JUnitReportReporter -->
<testsuite hostname="WS-195" failures="0" tests="1" name="iRBNET.IRBNetHomePage" time="16.876" errors="0" timestamp="2019-11-21T21:16:26 BDT" skipped="0">
  <testcase classname="iRBNET.IRBNetHomePage" name="IRBNet_Login_Test" time="16.876"/>
</testsuite> <!-- iRBNET.IRBNetHomePage -->
