<?xml version="1.0" encoding="UTF-8"?>
<!-- Generated by org.testng.reporters.JUnitReportReporter -->
<testsuite hostname="WS-195" failures="0" tests="1" name="PageObjectModelAdvance.TestNG_Demo" time="10.275" errors="0" timestamp="2019-11-21T20:13:44 BDT" skipped="0">
  <testcase classname="PageObjectModelAdvance.TestNG_Demo" name="googleSearchTest" time="10.275"/>
</testsuite> <!-- PageObjectModelAdvance.TestNG_Demo -->
