<?xml version="1.0" encoding="UTF-8"?>
<!-- Generated by org.testng.reporters.JUnitReportReporter -->
<testsuite hostname="WS-195" failures="0" tests="1" name="pages.IRBNetHomePage" time="26.037" errors="0" timestamp="2019-11-22T17:55:14 BDT" skipped="0">
  <testcase classname="pages.IRBNetHomePage" name="IRBNet_Login_Test" time="26.037"/>
</testsuite> <!-- pages.IRBNetHomePage -->
