<?xml version="1.0" encoding="UTF-8"?>
<!-- Generated by org.testng.reporters.JUnitReportReporter -->
<testsuite hostname="WS-195" failures="0" tests="1" name="main.IRBNet_Test_Main_Class" time="32.597" errors="0" timestamp="2019-11-28T16:51:45 BDT" skipped="0">
  <testcase classname="main.IRBNet_Test_Main_Class" name="IRBNet_Login_Test" time="32.597"/>
</testsuite> <!-- main.IRBNet_Test_Main_Class -->
