<?xml version="1.0" encoding="UTF-8"?>
<!-- Generated by org.testng.reporters.JUnitReportReporter -->
<testsuite hostname="WS-195" failures="0" tests="3" name="TestNG_Priority.TestNG_PriorityDemo" time="0.012" errors="0" timestamp="2019-12-03T12:58:13 BDT" skipped="0">
  <testcase classname="TestNG_Priority.TestNG_PriorityDemo" name="test3" time="0.008"/>
  <testcase classname="TestNG_Priority.TestNG_PriorityDemo" name="test2" time="0.002"/>
  <testcase classname="TestNG_Priority.TestNG_PriorityDemo" name="test1" time="0.002"/>
</testsuite> <!-- TestNG_Priority.TestNG_PriorityDemo -->
