<?xml version="1.0" encoding="UTF-8"?>
<!-- Generated by org.testng.reporters.JUnitReportReporter -->
<testsuite hostname="WS-195" failures="0" tests="1" name="TestNG_Parameters.TestNG_ParametersDemo" time="0.008" errors="0" timestamp="2019-12-03T16:33:14 BDT" skipped="0">
  <testcase classname="TestNG_Parameters.TestNG_ParametersDemo" name="test" time="0.008"/>
</testsuite> <!-- TestNG_Parameters.TestNG_ParametersDemo -->
