<?xml version="1.0" encoding="UTF-8"?>
<!-- Generated by org.testng.reporters.JUnitReportReporter -->
<testsuite hostname="WS-195" failures="0" tests="1" name="PageObjectModelAdvance.ExtentReportsDemoWithTestNG" time="4.167" errors="0" timestamp="2019-11-21T16:41:45 BDT" skipped="0">
  <testcase classname="PageObjectModelAdvance.ExtentReportsDemoWithTestNG" name="test1" time="4.167"/>
</testsuite> <!-- PageObjectModelAdvance.ExtentReportsDemoWithTestNG -->
