<?xml version="1.0" encoding="UTF-8"?>
<!-- Generated by org.testng.reporters.JUnitReportReporter -->
<testsuite hostname="WS-195" failures="0" tests="3" name="TestNG_Listeners_Demo.TestNGListenerDemo3" time="0.004" errors="0" timestamp="2019-12-03T12:51:12 BDT" skipped="1">
  <testcase classname="TestNG_Listeners_Demo.TestNGListenerDemo3" name="test7" time="0.001"/>
  <testcase classname="TestNG_Listeners_Demo.TestNGListenerDemo3" name="test8" time="0.002"/>
  <testcase classname="TestNG_Listeners_Demo.TestNGListenerDemo3" name="test9" time="0.001">
    <skipped/>
  </testcase> <!-- test9 -->
</testsuite> <!-- TestNG_Listeners_Demo.TestNGListenerDemo3 -->
