<?xml version="1.0" encoding="UTF-8"?>
<!-- Generated by org.testng.reporters.JUnitReportReporter -->
<testsuite hostname="WS-195" failures="0" tests="1" name="KatalonRecorder.Test1" time="8.561" errors="0" timestamp="2019-12-06T12:34:33 BDT" skipped="0">
  <testcase classname="KatalonRecorder.Test1" name="test1" time="8.561"/>
</testsuite> <!-- KatalonRecorder.Test1 -->
