<?xml version="1.0" encoding="UTF-8"?>
<!-- Generated by org.testng.reporters.JUnitReportReporter -->
<testsuite hostname="WS-195" failures="0" tests="5" name="TestNG_Grouping.TestNG_GroupingDemo" time="0.012" errors="0" timestamp="2019-12-03T15:56:46 BDT" skipped="0">
  <testcase classname="TestNG_Grouping.TestNG_GroupingDemo" name="test5" time="0.000"/>
  <testcase classname="TestNG_Grouping.TestNG_GroupingDemo" name="test2" time="0.001"/>
  <testcase classname="TestNG_Grouping.TestNG_GroupingDemo" name="test4" time="0.001"/>
  <testcase classname="TestNG_Grouping.TestNG_GroupingDemo" name="test3" time="0.001"/>
  <testcase classname="TestNG_Grouping.TestNG_GroupingDemo" name="test1" time="0.009"/>
</testsuite> <!-- TestNG_Grouping.TestNG_GroupingDemo -->
