<?xml version="1.0" encoding="UTF-8"?>
<!-- Generated by org.testng.reporters.JUnitReportReporter -->
<testsuite hostname="WS-195" failures="0" tests="3" name="ExcelSheet.ExcelDataProviderTest1" time="15.464" errors="0" timestamp="2019-12-02T18:11:14 BDT" skipped="0">
  <testcase classname="ExcelSheet.ExcelDataProviderTest1" name="test1" time="3.811"/>
  <testcase classname="ExcelSheet.ExcelDataProviderTest1" name="test1" time="4.086"/>
  <testcase classname="ExcelSheet.ExcelDataProviderTest1" name="test1" time="7.567"/>
</testsuite> <!-- ExcelSheet.ExcelDataProviderTest1 -->
