<?xml version="1.0" encoding="UTF-8"?>
<!-- Generated by org.testng.reporters.JUnitReportReporter -->
<testsuite hostname="WS-195" failures="0" tests="3" name="TestNG_Dependencies.TestNG_DependenciesDemo" time="0.014" errors="0" timestamp="2019-12-03T16:55:54 BDT" skipped="0">
  <testcase classname="TestNG_Dependencies.TestNG_DependenciesDemo" name="test11" time="0.001"/>
  <testcase classname="TestNG_Dependencies.TestNG_DependenciesDemo" name="test9" time="0.001"/>
  <testcase classname="TestNG_Dependencies.TestNG_DependenciesDemo" name="test10" time="0.012"/>
</testsuite> <!-- TestNG_Dependencies.TestNG_DependenciesDemo -->
