<?xml version="1.0" encoding="UTF-8"?>
<!-- Generated by org.testng.reporters.JUnitReportReporter -->
<testsuite hostname="WS-195" failures="0" tests="1" name="main.IRBNet_Test_Main_Class" time="30.981" errors="0" timestamp="2019-11-22T18:23:26 BDT" skipped="0">
  <testcase classname="main.IRBNet_Test_Main_Class" name="IRBNet_Login_Test" time="30.981"/>
</testsuite> <!-- main.IRBNet_Test_Main_Class -->
