<?xml version="1.0" encoding="UTF-8"?>
<!-- Generated by org.testng.reporters.JUnitReportReporter -->
<testsuite hostname="WS-195" failures="0" tests="3" name="TestNG_IgnoreTest.TestNG_IgnoreDemo" time="0.010" errors="0" timestamp="2019-12-03T18:18:07 BDT" skipped="1">
  <testcase classname="TestNG_IgnoreTest.TestNG_IgnoreDemo" name="test2" time="0.009"/>
  <testcase classname="TestNG_IgnoreTest.TestNG_IgnoreDemo" name="test3" time="0.001"/>
  <testcase classname="TestNG_IgnoreTest.TestNG_IgnoreDemo" name="test1">
    <skipped/>
  </testcase> <!-- test1 -->
</testsuite> <!-- TestNG_IgnoreTest.TestNG_IgnoreDemo -->
