<?xml version="1.0" encoding="UTF-8"?>
<!-- Generated by org.testng.reporters.JUnitReportReporter -->
<testsuite hostname="WS-195" failures="0" tests="2" name="TestNG_Multiple_Browser.TestNGMultiBrowserDemo" time="12.132" errors="0" timestamp="2019-12-03T13:23:01 BDT" skipped="0">
  <testcase classname="TestNG_Multiple_Browser.TestNGMultiBrowserDemo" name="test1" time="7.671"/>
  <testcase classname="TestNG_Multiple_Browser.TestNGMultiBrowserDemo" name="test1" time="4.461"/>
</testsuite> <!-- TestNG_Multiple_Browser.TestNGMultiBrowserDemo -->
