<?xml version="1.0" encoding="UTF-8"?>
<!-- Generated by org.testng.reporters.JUnitReportReporter -->
<testsuite hostname="WS-195" failures="0" tests="1" name="pages.HomePage" time="25.908" errors="0" timestamp="2019-11-22T17:57:39 BDT" skipped="0">
  <testcase classname="pages.HomePage" name="IRBNet_Login_Test" time="25.908"/>
</testsuite> <!-- pages.HomePage -->
