<?xml version="1.0" encoding="UTF-8"?>
<!-- Generated by org.testng.reporters.JUnitReportReporter -->
<testsuite hostname="WS-195" failures="0" tests="1" name="PageObjectModelAdvance.Properties_TestNG_Demo" time="7.150" errors="0" timestamp="2019-11-22T20:51:59 BDT" skipped="0">
  <testcase classname="PageObjectModelAdvance.Properties_TestNG_Demo" name="googleSearchTest" time="7.150"/>
</testsuite> <!-- PageObjectModelAdvance.Properties_TestNG_Demo -->
