<?xml version="1.0" encoding="UTF-8"?>
<!-- Generated by org.testng.reporters.JUnitReportReporter -->
<testsuite hostname="WS-195" failures="0" tests="1" name="iRBNET.IRBNet_Test" time="17.255" errors="0" timestamp="2019-11-22T12:08:28 BDT" skipped="0">
  <testcase classname="iRBNET.IRBNet_Test" name="IRBNet_Login_Test" time="17.255"/>
</testsuite> <!-- iRBNET.IRBNet_Test -->
